<?xml version="1.0" encoding="UTF-8"?>
<robot generator="Robot 3.0.4 (Python 3.6.3 on win32)" generated="20180606 13:57:46.368">
<suite id="s1" name="Test01" source="d:\Learn-python\python_study\rftest\test01.robot">
<test id="s1-t1" name="百度搜索">
<kw name="打开百度">
<kw name="Open Browser" library="Selenium2Library">
<doc>Opens a new browser instance to the given ``url``.</doc>
<arguments>
<arg>http://www.baidu.com</arg>
<arg>chrome</arg>
</arguments>
<msg timestamp="20180606 13:57:46.593" level="INFO">Opening browser 'chrome' to base url 'http://www.baidu.com'.</msg>
<status status="PASS" starttime="20180606 13:57:46.592" endtime="20180606 13:57:58.411"></status>
</kw>
<status status="PASS" starttime="20180606 13:57:46.592" endtime="20180606 13:57:58.411"></status>
</kw>
<kw name="Maximize Browser Window" library="Selenium2Library">
<doc>Maximizes current browser window.</doc>
<status status="PASS" starttime="20180606 13:57:58.412" endtime="20180606 13:57:59.555"></status>
</kw>
<kw name="输入关键字">
<kw name="Input Text" library="Selenium2Library">
<doc>Types the given ``text`` into text field identified by ``locator``.</doc>
<arguments>
<arg>id:kw</arg>
<arg>helloworld</arg>
</arguments>
<msg timestamp="20180606 13:57:59.556" level="INFO">Typing text 'helloworld' into text field 'id:kw'.</msg>
<status status="PASS" starttime="20180606 13:57:59.556" endtime="20180606 13:57:59.898"></status>
</kw>
<status status="PASS" starttime="20180606 13:57:59.556" endtime="20180606 13:57:59.898"></status>
</kw>
<kw name="Close Browser" library="Selenium2Library">
<doc>Closes the current browser.</doc>
<status status="PASS" starttime="20180606 13:57:59.900" endtime="20180606 13:58:03.016"></status>
</kw>
<status status="PASS" starttime="20180606 13:57:46.591" endtime="20180606 13:58:03.018" critical="yes"></status>
</test>
<status status="PASS" starttime="20180606 13:57:46.371" endtime="20180606 13:58:03.024"></status>
</suite>
<statistics>
<total>
<stat pass="1" fail="0">Critical Tests</stat>
<stat pass="1" fail="0">All Tests</stat>
</total>
<tag>
</tag>
<suite>
<stat pass="1" fail="0" id="s1" name="Test01">Test01</stat>
</suite>
</statistics>
<errors>
</errors>
</robot>
